2025-12-28 16:59:19,032 - gateway.error - ERROR - Request failed: GET / - 404
2025-12-28 16:59:19,056 - gateway.error - ERROR - Request failed: GET /favicon.ico - 404
2025-12-28 16:59:26,065 - gateway.error - ERROR - Request failed: GET / - 404
2025-12-28 16:59:26,077 - gateway.error - ERROR - Request failed: GET /favicon.ico - 404
2025-12-28 17:05:25,948 - gateway.error - ERROR - Request failed: GET / - 404
2025-12-28 17:05:25,962 - gateway.error - ERROR - Request failed: GET /favicon.ico - 404
2025-12-28 17:06:47,560 - gateway.error - ERROR - Request failed: GET / - 404
2025-12-28 17:06:47,574 - gateway.error - ERROR - Request failed: GET /favicon.ico - 404
2025-12-28 17:41:11,426 - gateway.error - ERROR - Request failed: GET / - 404
2025-12-28 17:41:11,439 - gateway.error - ERROR - Request failed: GET /favicon.ico - 404
2025-12-28 18:10:32,486 - gateway.error - ERROR - Request failed: GET / - 404
2025-12-28 18:10:32,497 - gateway.error - ERROR - Request failed: GET /favicon.ico - 404
2025-12-28 18:15:50,426 - gateway.error - ERROR - Request failed: GET / - 404
2025-12-28 18:15:50,440 - gateway.error - ERROR - Request failed: GET /favicon.ico - 404
2025-12-28 18:15:51,520 - gateway.error - ERROR - Request failed: GET / - 404
2025-12-28 18:15:51,536 - gateway.error - ERROR - Request failed: GET /favicon.ico - 404
2025-12-28 18:15:52,391 - gateway.error - ERROR - Request failed: GET / - 404
2025-12-28 18:15:52,407 - gateway.error - ERROR - Request failed: GET /favicon.ico - 404
2025-12-28 18:15:53,159 - gateway.error - ERROR - Request failed: GET / - 404
2025-12-28 18:15:53,173 - gateway.error - ERROR - Request failed: GET /favicon.ico - 404
2025-12-28 18:16:39,631 - gateway.error - ERROR - Request failed: GET /login - 404
2025-12-28 18:16:39,649 - gateway.error - ERROR - Request failed: GET /favicon.ico - 404
2025-12-28 18:16:48,750 - gateway.error - ERROR - Request failed: GET /login - 404
2025-12-28 18:16:48,767 - gateway.error - ERROR - Request failed: GET /favicon.ico - 404
2025-12-28 18:16:49,742 - gateway.error - ERROR - Request failed: GET /login - 404
2025-12-28 18:16:49,754 - gateway.error - ERROR - Request failed: GET /favicon.ico - 404
2025-12-28 18:16:50,687 - gateway.error - ERROR - Request failed: GET /login - 404
2025-12-28 18:16:50,701 - gateway.error - ERROR - Request failed: GET /favicon.ico - 404
2025-12-28 18:17:09,519 - gateway.error - ERROR - Request failed: GET /logout - 404
2025-12-28 18:17:09,535 - gateway.error - ERROR - Request failed: GET /favicon.ico - 404
2025-12-28 18:17:21,920 - gateway.error - ERROR - Request failed: GET /register - 404
2025-12-28 18:17:21,934 - gateway.error - ERROR - Request failed: GET /favicon.ico - 404
2025-12-29 15:02:15,070 - gateway.error - ERROR - Request failed: GET / - 404
2025-12-29 15:02:15,099 - gateway.error - ERROR - Request failed: GET /favicon.ico - 404
2025-12-29 15:02:21,438 - gateway.error - ERROR - Request failed: GET /favicon.ico - 404
2025-12-29 15:02:40,761 - gateway.error - ERROR - Request failed: GET /favicon.ico - 404
2025-12-29 15:02:49,330 - gateway.error - ERROR - Request failed: GET /favicon.ico - 404
2025-12-29 15:03:01,726 - gateway.error - ERROR - Request failed: GET /favicon.ico - 404
2025-12-29 16:02:38,860 - gateway.error - ERROR - Request failed: GET /auth/register - 404
2025-12-29 16:02:38,880 - gateway.error - ERROR - Request failed: GET /favicon.ico - 404
2025-12-29 16:07:15,621 - gateway.error - ERROR - Request failed: GET /auth/register - 404
2025-12-29 16:07:15,633 - gateway.error - ERROR - Request failed: GET /favicon.ico - 404
2025-12-29 16:19:41,688 - gateway.error - ERROR - Request failed: POST /login - 404
2025-12-29 16:20:49,254 - gateway.error - ERROR - Request failed: POST /api/auth/login - 404
2025-12-29 16:21:59,739 - gateway.error - ERROR - Request exception: POST /auth/login
Traceback (most recent call last):
  File "/home/ekin/.pyenv/versions/3.10.14/lib/python3.10/site-packages/anyio/streams/memory.py", line 98, in receive
    return self.receive_nowait()
  File "/home/ekin/.pyenv/versions/3.10.14/lib/python3.10/site-packages/anyio/streams/memory.py", line 93, in receive_nowait
    raise WouldBlock
anyio.WouldBlock

During handling of the above exception, another exception occurred:

Traceback (most recent call last):
  File "/home/ekin/.pyenv/versions/3.10.14/lib/python3.10/site-packages/starlette/middleware/base.py", line 78, in call_next
    message = await recv_stream.receive()
  File "/home/ekin/.pyenv/versions/3.10.14/lib/python3.10/site-packages/anyio/streams/memory.py", line 118, in receive
    raise EndOfStream
anyio.EndOfStream

During handling of the above exception, another exception occurred:

Traceback (most recent call last):
  File "/developer/Cloud_resource_management_system_platform_microservices/gateway-service/app/middleware/logging.py", line 143, in dispatch
    response = await call_next(request)
  File "/home/ekin/.pyenv/versions/3.10.14/lib/python3.10/site-packages/starlette/middleware/base.py", line 84, in call_next
    raise app_exc
  File "/home/ekin/.pyenv/versions/3.10.14/lib/python3.10/site-packages/starlette/middleware/base.py", line 70, in coro
    await self.app(scope, receive_or_disconnect, send_no_error)
  File "/home/ekin/.pyenv/versions/3.10.14/lib/python3.10/site-packages/starlette/middleware/base.py", line 108, in __call__
    response = await self.dispatch_func(request, call_next)
  File "/developer/Cloud_resource_management_system_platform_microservices/gateway-service/app/middleware/tracing.py", line 130, in dispatch
    response = await call_next(request)
  File "/home/ekin/.pyenv/versions/3.10.14/lib/python3.10/site-packages/starlette/middleware/base.py", line 84, in call_next
    raise app_exc
  File "/home/ekin/.pyenv/versions/3.10.14/lib/python3.10/site-packages/starlette/middleware/base.py", line 70, in coro
    await self.app(scope, receive_or_disconnect, send_no_error)
  File "/home/ekin/.pyenv/versions/3.10.14/lib/python3.10/site-packages/starlette/middleware/cors.py", line 83, in __call__
    await self.app(scope, receive, send)
  File "/home/ekin/.pyenv/versions/3.10.14/lib/python3.10/site-packages/starlette/middleware/exceptions.py", line 79, in __call__
    raise exc
  File "/home/ekin/.pyenv/versions/3.10.14/lib/python3.10/site-packages/starlette/middleware/exceptions.py", line 68, in __call__
    await self.app(scope, receive, sender)
  File "/home/ekin/.pyenv/versions/3.10.14/lib/python3.10/site-packages/fastapi/middleware/asyncexitstack.py", line 20, in __call__
    raise e
  File "/home/ekin/.pyenv/versions/3.10.14/lib/python3.10/site-packages/fastapi/middleware/asyncexitstack.py", line 17, in __call__
    await self.app(scope, receive, send)
  File "/home/ekin/.pyenv/versions/3.10.14/lib/python3.10/site-packages/starlette/routing.py", line 718, in __call__
    await route.handle(scope, receive, send)
  File "/home/ekin/.pyenv/versions/3.10.14/lib/python3.10/site-packages/starlette/routing.py", line 276, in handle
    await self.app(scope, receive, send)
  File "/home/ekin/.pyenv/versions/3.10.14/lib/python3.10/site-packages/starlette/routing.py", line 66, in app
    response = await func(request)
  File "/home/ekin/.pyenv/versions/3.10.14/lib/python3.10/site-packages/fastapi/routing.py", line 274, in app
    raw_response = await run_endpoint_function(
  File "/home/ekin/.pyenv/versions/3.10.14/lib/python3.10/site-packages/fastapi/routing.py", line 191, in run_endpoint_function
    return await dependant.call(**values)
  File "/developer/Cloud_resource_management_system_platform_microservices/gateway-service/app/main.py", line 188, in gateway_handler
    is_allowed, remaining = await rate_limit_middleware.check_request_rate_limit(
  File "/developer/Cloud_resource_management_system_platform_microservices/gateway-service/app/middleware/rate_limit.py", line 130, in check_request_rate_limit
    identifier = self._get_identifier(request)
  File "/developer/Cloud_resource_management_system_platform_microservices/gateway-service/app/middleware/rate_limit.py", line 149, in _get_identifier
    user_id = request.state.get("user_id")
  File "/home/ekin/.pyenv/versions/3.10.14/lib/python3.10/site-packages/starlette/datastructures.py", line 705, in __getattr__
    raise AttributeError(message.format(self.__class__.__name__, key))
AttributeError: 'State' object has no attribute 'get'
2025-12-29 16:22:56,090 - gateway.error - ERROR - Request exception: POST /auth/login
Traceback (most recent call last):
  File "/home/ekin/.pyenv/versions/3.10.14/lib/python3.10/site-packages/anyio/streams/memory.py", line 98, in receive
    return self.receive_nowait()
  File "/home/ekin/.pyenv/versions/3.10.14/lib/python3.10/site-packages/anyio/streams/memory.py", line 93, in receive_nowait
    raise WouldBlock
anyio.WouldBlock

During handling of the above exception, another exception occurred:

Traceback (most recent call last):
  File "/home/ekin/.pyenv/versions/3.10.14/lib/python3.10/site-packages/starlette/middleware/base.py", line 78, in call_next
    message = await recv_stream.receive()
  File "/home/ekin/.pyenv/versions/3.10.14/lib/python3.10/site-packages/anyio/streams/memory.py", line 118, in receive
    raise EndOfStream
anyio.EndOfStream

During handling of the above exception, another exception occurred:

Traceback (most recent call last):
  File "/developer/Cloud_resource_management_system_platform_microservices/gateway-service/app/middleware/logging.py", line 143, in dispatch
    response = await call_next(request)
  File "/home/ekin/.pyenv/versions/3.10.14/lib/python3.10/site-packages/starlette/middleware/base.py", line 84, in call_next
    raise app_exc
  File "/home/ekin/.pyenv/versions/3.10.14/lib/python3.10/site-packages/starlette/middleware/base.py", line 70, in coro
    await self.app(scope, receive_or_disconnect, send_no_error)
  File "/home/ekin/.pyenv/versions/3.10.14/lib/python3.10/site-packages/starlette/middleware/base.py", line 108, in __call__
    response = await self.dispatch_func(request, call_next)
  File "/developer/Cloud_resource_management_system_platform_microservices/gateway-service/app/middleware/tracing.py", line 130, in dispatch
    response = await call_next(request)
  File "/home/ekin/.pyenv/versions/3.10.14/lib/python3.10/site-packages/starlette/middleware/base.py", line 84, in call_next
    raise app_exc
  File "/home/ekin/.pyenv/versions/3.10.14/lib/python3.10/site-packages/starlette/middleware/base.py", line 70, in coro
    await self.app(scope, receive_or_disconnect, send_no_error)
  File "/home/ekin/.pyenv/versions/3.10.14/lib/python3.10/site-packages/starlette/middleware/cors.py", line 83, in __call__
    await self.app(scope, receive, send)
  File "/home/ekin/.pyenv/versions/3.10.14/lib/python3.10/site-packages/starlette/middleware/exceptions.py", line 79, in __call__
    raise exc
  File "/home/ekin/.pyenv/versions/3.10.14/lib/python3.10/site-packages/starlette/middleware/exceptions.py", line 68, in __call__
    await self.app(scope, receive, sender)
  File "/home/ekin/.pyenv/versions/3.10.14/lib/python3.10/site-packages/fastapi/middleware/asyncexitstack.py", line 20, in __call__
    raise e
  File "/home/ekin/.pyenv/versions/3.10.14/lib/python3.10/site-packages/fastapi/middleware/asyncexitstack.py", line 17, in __call__
    await self.app(scope, receive, send)
  File "/home/ekin/.pyenv/versions/3.10.14/lib/python3.10/site-packages/starlette/routing.py", line 718, in __call__
    await route.handle(scope, receive, send)
  File "/home/ekin/.pyenv/versions/3.10.14/lib/python3.10/site-packages/starlette/routing.py", line 276, in handle
    await self.app(scope, receive, send)
  File "/home/ekin/.pyenv/versions/3.10.14/lib/python3.10/site-packages/starlette/routing.py", line 66, in app
    response = await func(request)
  File "/home/ekin/.pyenv/versions/3.10.14/lib/python3.10/site-packages/fastapi/routing.py", line 274, in app
    raw_response = await run_endpoint_function(
  File "/home/ekin/.pyenv/versions/3.10.14/lib/python3.10/site-packages/fastapi/routing.py", line 191, in run_endpoint_function
    return await dependant.call(**values)
  File "/developer/Cloud_resource_management_system_platform_microservices/gateway-service/app/main.py", line 188, in gateway_handler
    is_allowed, remaining = await rate_limit_middleware.check_request_rate_limit(
  File "/developer/Cloud_resource_management_system_platform_microservices/gateway-service/app/middleware/rate_limit.py", line 130, in check_request_rate_limit
    identifier = self._get_identifier(request)
  File "/developer/Cloud_resource_management_system_platform_microservices/gateway-service/app/middleware/rate_limit.py", line 149, in _get_identifier
    user_id = request.state.get("user_id")
  File "/home/ekin/.pyenv/versions/3.10.14/lib/python3.10/site-packages/starlette/datastructures.py", line 705, in __getattr__
    raise AttributeError(message.format(self.__class__.__name__, key))
AttributeError: 'State' object has no attribute 'get'
2025-12-29 16:23:32,241 - gateway.error - ERROR - Request failed: POST /auth/login - 502
2025-12-29 16:23:59,326 - gateway.error - ERROR - Request failed: POST /auth/login - 502
2025-12-29 16:25:05,820 - gateway.error - ERROR - Request failed: POST /auth/login - 502
2025-12-29 16:25:32,192 - gateway.error - ERROR - Request failed: POST /auth/login - 502
2025-12-29 16:26:24,098 - gateway.error - ERROR - Request failed: POST /auth/login - 502
2025-12-29 16:27:14,301 - gateway.error - ERROR - Request failed: POST /auth/login - 502
2025-12-29 16:27:21,439 - gateway.error - ERROR - Request failed: POST /auth/login - 502
2025-12-29 16:27:22,523 - gateway.error - ERROR - Request failed: POST /auth/login - 502
2025-12-29 16:29:27,765 - gateway.error - ERROR - Request failed: POST /auth/login - 502
2025-12-29 16:31:05,315 - gateway.error - ERROR - Request failed: POST /auth/login - 502
2025-12-29 16:31:34,179 - gateway.error - ERROR - Request failed: POST /auth/login - 502
2025-12-29 16:33:22,684 - gateway.error - ERROR - Request failed: POST /auth/login - 502
2025-12-29 16:33:38,189 - gateway.error - ERROR - Request failed: POST /auth/login - 502
2025-12-29 17:15:20,913 - gateway.error - ERROR - Request failed: POST /auth/login - 502
2025-12-29 17:22:34,704 - gateway.error - ERROR - Request failed: POST /auth/login - 502
2025-12-29 17:22:42,248 - gateway.error - ERROR - Request failed: POST /auth/login - 502
2025-12-29 17:51:28,994 - gateway.error - ERROR - Request failed: POST /auth/login - 422
2025-12-29 17:52:41,652 - gateway.error - ERROR - Request failed: POST /auth/login - 500
2025-12-29 17:53:43,623 - gateway.error - ERROR - Request failed: POST /auth/login - 500
2025-12-29 17:54:12,341 - gateway.error - ERROR - Request failed: POST /auth/login - 500
2025-12-29 17:57:00,749 - gateway.error - ERROR - Request failed: POST /auth/login - 500
2025-12-29 17:58:06,389 - gateway.error - ERROR - Request failed: POST /auth/login - 500
2025-12-29 17:58:19,933 - gateway.error - ERROR - Request failed: POST /auth/login - 500
2025-12-29 18:01:01,936 - gateway.error - ERROR - Request failed: POST /auth/login - 500
2025-12-29 18:02:49,087 - gateway.error - ERROR - Request failed: POST /auth/login - 500
2025-12-29 18:03:23,332 - gateway.error - ERROR - Request failed: POST /auth/login - 500
2025-12-29 19:52:29,280 - gateway.error - ERROR - Request failed: POST /auth/login - 422
2025-12-29 19:55:10,933 - gateway.error - ERROR - Request failed: POST /auth/login - 422
2025-12-29 19:56:03,663 - gateway.error - ERROR - Request failed: POST /auth/login - 422
2025-12-29 19:57:40,124 - gateway.error - ERROR - Request failed: POST /api/auth/login - 404
2025-12-29 19:58:11,493 - gateway.error - ERROR - Request failed: POST /api/auth/login - 404
2025-12-29 19:59:18,002 - gateway.error - ERROR - Request failed: POST /auth/login - 422
2025-12-29 19:59:43,512 - gateway.error - ERROR - Request failed: POST /auth/login - 500
2025-12-29 20:06:20,378 - gateway.error - ERROR - Request failed: POST /auth/login - 500
2025-12-29 20:06:46,413 - gateway.error - ERROR - Request failed: POST /auth/login - 500
2025-12-29 20:06:47,860 - gateway.error - ERROR - Request failed: POST /auth/login - 500
2025-12-29 20:07:14,271 - gateway.error - ERROR - Request failed: POST /auth/login - 500
2025-12-29 20:48:47,089 - gateway.error - ERROR - Request failed: POST /auth/login - 400
2025-12-29 20:51:57,807 - gateway.error - ERROR - Request failed: POST /auth/login - 400
2025-12-29 21:02:17,762 - gateway.error - ERROR - Request failed: GET /auth/verify - 404
2025-12-29 21:03:07,538 - gateway.error - ERROR - Request failed: GET /users/1 - 404
2025-12-29 21:03:23,762 - gateway.error - ERROR - Request failed: GET /users/by-username/alex.w - 404
2025-12-29 21:04:00,107 - gateway.error - ERROR - Request failed: GET /users/1 - 404
2025-12-29 21:04:21,371 - gateway.error - ERROR - Request failed: GET /users/by-username/alex.w - 404
2025-12-29 21:05:29,140 - gateway.error - ERROR - Request failed: POST /auth/refresh - 401
2025-12-29 21:06:10,673 - gateway.error - ERROR - Request failed: POST /auth/refresh - 401
2025-12-29 21:07:12,386 - gateway.error - ERROR - Request failed: POST /auth/refresh - 401
2025-12-29 21:08:19,837 - gateway.error - ERROR - Request failed: POST /auth/refresh - 401
2025-12-29 21:08:49,499 - gateway.error - ERROR - Request failed: POST /auth/refresh - 401
